Warning: 'advanced_options.json' have been modified after configuration by elwood. This is possible but not recommended.
#"Step","Time Remaining"
20000,--
40000,3:55:54
60000,3:56:26
80000,3:56:59
100000,3:59:12
120000,3:59:22
140000,3:59:33
160000,3:59:47
180000,3:59:57
200000,4:00:06
220000,4:00:11
240000,4:00:14
260000,4:00:14
280000,4:00:13
300000,4:00:12
320000,4:00:07
340000,4:00:01
360000,3:59:55
380000,3:59:48
400000,3:59:41
420000,3:59:33
440000,3:59:24
460000,3:59:15
480000,3:59:06
500000,3:58:57
520000,3:58:48
540000,3:58:39
560000,3:58:30
580000,3:58:20
600000,3:58:11
620000,3:58:01
640000,3:57:51
660000,3:57:41
680000,3:57:31
700000,3:57:21
720000,3:57:11
740000,3:57:00
760000,3:56:50
780000,3:56:39
800000,3:56:29
820000,3:56:18
840000,3:56:08
860000,3:55:57
880000,3:55:46
900000,3:55:36
920000,3:55:25
940000,3:55:14
960000,3:55:03
980000,3:54:52
1000000,3:54:41
1020000,3:54:30
1040000,3:54:19
1060000,3:54:07
1080000,3:53:56
1100000,3:53:45
1120000,3:53:34
1140000,3:53:22
1160000,3:53:11
1180000,3:53:00
1200000,3:52:49
1220000,3:52:37
1240000,3:52:26
1260000,3:52:15
1280000,3:52:03
1300000,3:51:52
1320000,3:51:41
1340000,3:51:29
1360000,3:51:18
1380000,3:51:06
1400000,3:50:55
1420000,3:50:44
1440000,3:50:32
1460000,3:50:21
1480000,3:50:09
1500000,3:49:58
1520000,3:49:46
1540000,3:49:35
1560000,3:49:23
1580000,3:49:12
1600000,3:49:00
1620000,3:48:49
1640000,3:48:37
1660000,3:48:25
1680000,3:48:14
1700000,3:48:02
1720000,3:47:51
1740000,3:47:39
1760000,3:47:28
1780000,3:47:16
1800000,3:47:05
1820000,3:46:53
1840000,3:46:42
1860000,3:46:30
1880000,3:46:18
1900000,3:46:07
1920000,3:45:55
1940000,3:45:44
1960000,3:45:32
1980000,3:45:21
2000000,3:45:09
2020000,3:44:57
2040000,3:44:46
2060000,3:44:34
2080000,3:44:22
2100000,3:44:11
2120000,3:43:59
2140000,3:43:47
2160000,3:43:36
2180000,3:43:24
2200000,3:43:13
2220000,3:43:01
2240000,3:42:49
2260000,3:42:38
2280000,3:42:26
2300000,3:42:15
2320000,3:42:03
2340000,3:41:51
2360000,3:41:40
2380000,3:41:28
2400000,3:41:17
2420000,3:41:05
2440000,3:40:53
2460000,3:40:41
2480000,3:40:30
2500000,3:40:18
2520000,3:40:06
2540000,3:39:54
2560000,3:39:43
2580000,3:39:31
2600000,3:39:19
2620000,3:39:07
2640000,3:38:56
2660000,3:38:44
2680000,3:38:32
2700000,3:38:21
2720000,3:38:09
2740000,3:37:57
2760000,3:37:46
2780000,3:37:34
2800000,3:37:22
2820000,3:37:10
2840000,3:36:59
2860000,3:36:47
2880000,3:36:35
2900000,3:36:24
2920000,3:36:12
2940000,3:36:00
2960000,3:35:48
2980000,3:35:37
3000000,3:35:25
3020000,3:35:13
3040000,3:35:02
3060000,3:34:50
3080000,3:34:38
3100000,3:34:27
3120000,3:34:15
3140000,3:34:03
3160000,3:33:52
3180000,3:33:40
3200000,3:33:28
3220000,3:33:16
3240000,3:33:04
3260000,3:32:53
3280000,3:32:41
3300000,3:32:29
3320000,3:32:17
3340000,3:32:05
3360000,3:31:54
3380000,3:31:42
3400000,3:31:30
3420000,3:31:18
3440000,3:31:06
3460000,3:30:55
3480000,3:30:43
3500000,3:30:31
3520000,3:30:19
3540000,3:30:07
3560000,3:29:55
3580000,3:29:43
3600000,3:29:32
3620000,3:29:20
3640000,3:29:08
3660000,3:28:56
3680000,3:28:44
3700000,3:28:33
3720000,3:28:21
3740000,3:28:09
3760000,3:27:57
3780000,3:27:45
3800000,3:27:33
3820000,3:27:21
3840000,3:27:09
3860000,3:26:58
3880000,3:26:46
3900000,3:26:34
3920000,3:26:22
3940000,3:26:10
3960000,3:25:58
3980000,3:25:47
4000000,3:25:35
4020000,3:25:23
4040000,3:25:11
4060000,3:24:59
4080000,3:24:48
4100000,3:24:36
4120000,3:24:24
4140000,3:24:12
4160000,3:24:00
4180000,3:23:49
4200000,3:23:37
4220000,3:23:25
4240000,3:23:13
4260000,3:23:02
4280000,3:22:50
4300000,3:22:38
4320000,3:22:26
4340000,3:22:14
4360000,3:22:03
4380000,3:21:51
4400000,3:21:39
4420000,3:21:27
4440000,3:21:16
4460000,3:21:04
4480000,3:20:52
4500000,3:20:40
4520000,3:20:29
4540000,3:20:17
4560000,3:20:05
4580000,3:19:53
4600000,3:19:41
4620000,3:19:30
4640000,3:19:18
4660000,3:19:06
4680000,3:18:54
4700000,3:18:43
4720000,3:18:31
4740000,3:18:19
4760000,3:18:07
4780000,3:17:56
4800000,3:17:44
4820000,3:17:32
4840000,3:17:20
4860000,3:17:08
4880000,3:16:57
4900000,3:16:45
4920000,3:16:33
4940000,3:16:21
4960000,3:16:10
4980000,3:15:58
5000000,3:15:46
5020000,3:15:34
5040000,3:15:23
5060000,3:15:11
5080000,3:14:59
5100000,3:14:47
5120000,3:14:35
5140000,3:14:24
5160000,3:14:12
5180000,3:14:00
5200000,3:13:48
5220000,3:13:36
5240000,3:13:25
5260000,3:13:13
5280000,3:13:01
5300000,3:12:50
5320000,3:12:38
5340000,3:12:26
5360000,3:12:14
5380000,3:12:02
5400000,3:11:51
5420000,3:11:39
5440000,3:11:27
5460000,3:11:15
5480000,3:11:04
5500000,3:10:52
5520000,3:10:40
5540000,3:10:28
5560000,3:10:17
5580000,3:10:05
5600000,3:09:53
5620000,3:09:41
5640000,3:09:29
5660000,3:09:17
5680000,3:09:06
5700000,3:08:54
5720000,3:08:42
5740000,3:08:30
5760000,3:08:18
5780000,3:08:07
5800000,3:07:55
5820000,3:07:43
5840000,3:07:31
5860000,3:07:19
5880000,3:07:08
5900000,3:06:56
5920000,3:06:44
5940000,3:06:32
5960000,3:06:20
5980000,3:06:09
6000000,3:05:57
6020000,3:05:45
6040000,3:05:33
6060000,3:05:21
6080000,3:05:10
6100000,3:04:58
6120000,3:04:46
6140000,3:04:34
6160000,3:04:23
6180000,3:04:11
6200000,3:03:59
6220000,3:03:47
6240000,3:03:35
6260000,3:03:24
6280000,3:03:12
6300000,3:03:00
6320000,3:02:48
6340000,3:02:36
6360000,3:02:25
6380000,3:02:13
6400000,3:02:01
6420000,3:01:49
6440000,3:01:37
6460000,3:01:26
6480000,3:01:14
6500000,3:01:02
6520000,3:00:50
6540000,3:00:38
6560000,3:00:27
6580000,3:00:15
6600000,3:00:03
6620000,2:59:51
6640000,2:59:40
6660000,2:59:28
6680000,2:59:16
6700000,2:59:04
6720000,2:58:52
6740000,2:58:41
6760000,2:58:29
6780000,2:58:17
6800000,2:58:05
6820000,2:57:53
6840000,2:57:42
6860000,2:57:30
6880000,2:57:18
6900000,2:57:06
6920000,2:56:55
6940000,2:56:43
6960000,2:56:31
6980000,2:56:19
7000000,2:56:07
7020000,2:55:56
7040000,2:55:44
7060000,2:55:32
7080000,2:55:20
7100000,2:55:08
7120000,2:54:57
7140000,2:54:45
7160000,2:54:33
7180000,2:54:21
7200000,2:54:10
7220000,2:53:58
7240000,2:53:46
7260000,2:53:34
7280000,2:53:22
7300000,2:53:11
7320000,2:52:59
7340000,2:52:47
7360000,2:52:35
7380000,2:52:24
7400000,2:52:12
7420000,2:52:00
7440000,2:51:48
7460000,2:51:37
7480000,2:51:25
7500000,2:51:13
7520000,2:51:01
7540000,2:50:50
7560000,2:50:38
7580000,2:50:26
7600000,2:50:14
7620000,2:50:03
7640000,2:49:51
7660000,2:49:39
7680000,2:49:27
7700000,2:49:15
7720000,2:49:04
7740000,2:48:52
7760000,2:48:40
7780000,2:48:28
7800000,2:48:17
7820000,2:48:05
7840000,2:47:53
7860000,2:47:41
7880000,2:47:29
7900000,2:47:18
7920000,2:47:06
7940000,2:46:54
7960000,2:46:42
7980000,2:46:31
8000000,2:46:19
8020000,2:46:07
8040000,2:45:55
8060000,2:45:43
8080000,2:45:32
8100000,2:45:20
8120000,2:45:08
8140000,2:44:56
8160000,2:44:45
8180000,2:44:33
8200000,2:44:21
8220000,2:44:09
8240000,2:43:57
8260000,2:43:46
8280000,2:43:34
8300000,2:43:22
8320000,2:43:10
8340000,2:42:59
8360000,2:42:47
8380000,2:42:35
8400000,2:42:23
8420000,2:42:12
8440000,2:42:00
8460000,2:41:48
8480000,2:41:36
8500000,2:41:24
8520000,2:41:13
8540000,2:41:01
8560000,2:40:49
8580000,2:40:37
8600000,2:40:26
8620000,2:40:14
8640000,2:40:02
8660000,2:39:50
8680000,2:39:39
8700000,2:39:27
8720000,2:39:15
8740000,2:39:03
8760000,2:38:52
8780000,2:38:40
8800000,2:38:28
8820000,2:38:16
8840000,2:38:04
8860000,2:37:53
8880000,2:37:41
8900000,2:37:29
8920000,2:37:17
8940000,2:37:06
8960000,2:36:54
8980000,2:36:42
9000000,2:36:30
9020000,2:36:18
9040000,2:36:07
9060000,2:35:55
9080000,2:35:43
9100000,2:35:31
9120000,2:35:20
9140000,2:35:08
9160000,2:34:56
9180000,2:34:44
9200000,2:34:33
9220000,2:34:21
9240000,2:34:09
9260000,2:33:57
9280000,2:33:45
9300000,2:33:34
9320000,2:33:22
9340000,2:33:10
9360000,2:32:58
9380000,2:32:47
9400000,2:32:35
9420000,2:32:23
9440000,2:32:11
9460000,2:32:00
9480000,2:31:48
9500000,2:31:36
9520000,2:31:24
9540000,2:31:12
9560000,2:31:01
9580000,2:30:49
9600000,2:30:37
9620000,2:30:25
9640000,2:30:14
9660000,2:30:02
9680000,2:29:50
9700000,2:29:38
9720000,2:29:27
9740000,2:29:15
9760000,2:29:03
9780000,2:28:51
9800000,2:28:39
9820000,2:28:28
9840000,2:28:16
9860000,2:28:04
9880000,2:27:52
9900000,2:27:41
9920000,2:27:29
9940000,2:27:17
9960000,2:27:05
9980000,2:26:54
10000000,2:26:42
10020000,2:26:30
10040000,2:26:18
10060000,2:26:06
10080000,2:25:55
10100000,2:25:43
10120000,2:25:31
10140000,2:25:19
10160000,2:25:08
10180000,2:24:56
10200000,2:24:44
10220000,2:24:32
10240000,2:24:21
10260000,2:24:09
10280000,2:23:57
10300000,2:23:45
10320000,2:23:34
10340000,2:23:22
10360000,2:23:10
10380000,2:22:58
10400000,2:22:47
10420000,2:22:35
10440000,2:22:23
10460000,2:22:11
10480000,2:22:00
10500000,2:21:48
10520000,2:21:36
10540000,2:21:24
10560000,2:21:13
10580000,2:21:01
10600000,2:20:49
10620000,2:20:37
10640000,2:20:26
10660000,2:20:14
10680000,2:20:02
10700000,2:19:50
10720000,2:19:38
10740000,2:19:27
10760000,2:19:15
10780000,2:19:03
10800000,2:18:51
10820000,2:18:40
10840000,2:18:28
10860000,2:18:16
10880000,2:18:04
10900000,2:17:53
10920000,2:17:41
10940000,2:17:29
10960000,2:17:17
10980000,2:17:06
11000000,2:16:54
11020000,2:16:42
11040000,2:16:30
11060000,2:16:18
11080000,2:16:07
11100000,2:15:55
11120000,2:15:43
11140000,2:15:31
11160000,2:15:20
11180000,2:15:08
11200000,2:14:56
11220000,2:14:44
11240000,2:14:33
11260000,2:14:21
11280000,2:14:09
11300000,2:13:57
11320000,2:13:46
11340000,2:13:34
11360000,2:13:22
11380000,2:13:10
11400000,2:12:58
11420000,2:12:47
11440000,2:12:35
11460000,2:12:23
11480000,2:12:11
11500000,2:12:00
11520000,2:11:48
11540000,2:11:36
11560000,2:11:24
11580000,2:11:13
11600000,2:11:01
11620000,2:10:49
11640000,2:10:37
11660000,2:10:26
11680000,2:10:14
11700000,2:10:02
11720000,2:09:50
11740000,2:09:39
11760000,2:09:27
11780000,2:09:15
11800000,2:09:03
11820000,2:08:52
11840000,2:08:40
11860000,2:08:28
11880000,2:08:16
11900000,2:08:05
11920000,2:07:53
11940000,2:07:41
11960000,2:07:29
11980000,2:07:18
12000000,2:07:06
12020000,2:06:54
12040000,2:06:42
12060000,2:06:31
12080000,2:06:19
12100000,2:06:07
12120000,2:05:55
12140000,2:05:44
12160000,2:05:32
12180000,2:05:20
12200000,2:05:08
12220000,2:04:57
12240000,2:04:45
12260000,2:04:33
12280000,2:04:21
12300000,2:04:10
12320000,2:03:58
12340000,2:03:46
12360000,2:03:34
12380000,2:03:23
12400000,2:03:11
12420000,2:02:59
12440000,2:02:48
12460000,2:02:36
12480000,2:02:24
12500000,2:02:12
12520000,2:02:01
12540000,2:01:49
12560000,2:01:37
12580000,2:01:25
12600000,2:01:14
12620000,2:01:02
12640000,2:00:50
12660000,2:00:38
12680000,2:00:27
12700000,2:00:15
12720000,2:00:03
12740000,1:59:51
12760000,1:59:40
12780000,1:59:28
12800000,1:59:16
12820000,1:59:04
12840000,1:58:53
12860000,1:58:41
12880000,1:58:29
12900000,1:58:17
12920000,1:58:06
12940000,1:57:54
12960000,1:57:42
12980000,1:57:30
13000000,1:57:19
13020000,1:57:07
13040000,1:56:55
13060000,1:56:43
13080000,1:56:32
13100000,1:56:20
13120000,1:56:08
13140000,1:55:57
13160000,1:55:45
13180000,1:55:33
13200000,1:55:21
13220000,1:55:10
13240000,1:54:58
13260000,1:54:46
13280000,1:54:34
13300000,1:54:23
13320000,1:54:11
13340000,1:53:59
13360000,1:53:47
13380000,1:53:36
13400000,1:53:24
13420000,1:53:12
13440000,1:53:00
13460000,1:52:49
13480000,1:52:37
13500000,1:52:25
13520000,1:52:13
13540000,1:52:02
13560000,1:51:50
13580000,1:51:38
13600000,1:51:26
13620000,1:51:15
13640000,1:51:03
13660000,1:50:51
13680000,1:50:40
13700000,1:50:28
13720000,1:50:16
13740000,1:50:04
13760000,1:49:53
13780000,1:49:41
13800000,1:49:29
13820000,1:49:17
13840000,1:49:06
13860000,1:48:54
13880000,1:48:42
13900000,1:48:30
13920000,1:48:19
13940000,1:48:07
13960000,1:47:55
13980000,1:47:43
14000000,1:47:32
14020000,1:47:20
14040000,1:47:08
14060000,1:46:56
14080000,1:46:45
14100000,1:46:33
14120000,1:46:21
14140000,1:46:09
14160000,1:45:58
14180000,1:45:46
14200000,1:45:34
14220000,1:45:23
14240000,1:45:11
14260000,1:44:59
14280000,1:44:47
14300000,1:44:36
14320000,1:44:24
14340000,1:44:12
14360000,1:44:00
14380000,1:43:49
14400000,1:43:37
14420000,1:43:25
14440000,1:43:13
14460000,1:43:02
14480000,1:42:50
14500000,1:42:38
14520000,1:42:26
14540000,1:42:15
14560000,1:42:03
14580000,1:41:51
14600000,1:41:40
14620000,1:41:28
14640000,1:41:16
14660000,1:41:04
14680000,1:40:53
14700000,1:40:41
14720000,1:40:29
14740000,1:40:17
14760000,1:40:06
14780000,1:39:54
14800000,1:39:42
14820000,1:39:30
14840000,1:39:19
14860000,1:39:07
14880000,1:38:55
14900000,1:38:44
14920000,1:38:32
14940000,1:38:20
14960000,1:38:08
14980000,1:37:57
15000000,1:37:45
15020000,1:37:33
15040000,1:37:21
15060000,1:37:10
15080000,1:36:58
15100000,1:36:46
15120000,1:36:34
15140000,1:36:23
15160000,1:36:11
15180000,1:35:59
15200000,1:35:48
15220000,1:35:36
15240000,1:35:24
15260000,1:35:12
15280000,1:35:01
15300000,1:34:49
15320000,1:34:37
15340000,1:34:25
15360000,1:34:14
15380000,1:34:02
15400000,1:33:50
15420000,1:33:38
15440000,1:33:27
15460000,1:33:15
15480000,1:33:03
15500000,1:32:51
15520000,1:32:40
15540000,1:32:28
15560000,1:32:16
15580000,1:32:04
15600000,1:31:53
15620000,1:31:41
15640000,1:31:29
15660000,1:31:17
15680000,1:31:06
15700000,1:30:54
15720000,1:30:42
15740000,1:30:31
15760000,1:30:19
15780000,1:30:07
15800000,1:29:55
15820000,1:29:44
15840000,1:29:32
15860000,1:29:20
15880000,1:29:08
15900000,1:28:57
15920000,1:28:45
15940000,1:28:33
15960000,1:28:21
15980000,1:28:10
16000000,1:27:58
16020000,1:27:46
16040000,1:27:34
16060000,1:27:23
16080000,1:27:11
16100000,1:26:59
16120000,1:26:47
16140000,1:26:36
16160000,1:26:24
16180000,1:26:12
16200000,1:26:00
16220000,1:25:49
16240000,1:25:37
16260000,1:25:25
16280000,1:25:13
16300000,1:25:02
16320000,1:24:50
16340000,1:24:38
16360000,1:24:27
16380000,1:24:15
16400000,1:24:03
16420000,1:23:51
16440000,1:23:40
16460000,1:23:28
16480000,1:23:16
16500000,1:23:04
16520000,1:22:53
16540000,1:22:41
16560000,1:22:29
16580000,1:22:17
16600000,1:22:06
16620000,1:21:54
16640000,1:21:42
16660000,1:21:30
16680000,1:21:19
16700000,1:21:07
16720000,1:20:55
16740000,1:20:43
16760000,1:20:32
16780000,1:20:20
16800000,1:20:08
16820000,1:19:57
16840000,1:19:45
16860000,1:19:33
16880000,1:19:21
16900000,1:19:10
16920000,1:18:58
16940000,1:18:46
16960000,1:18:34
16980000,1:18:23
17000000,1:18:11
17020000,1:17:59
17040000,1:17:47
17060000,1:17:36
17080000,1:17:24
17100000,1:17:12
17120000,1:17:00
17140000,1:16:49
17160000,1:16:37
17180000,1:16:25
17200000,1:16:14
17220000,1:16:02
17240000,1:15:50
17260000,1:15:38
17280000,1:15:27
17300000,1:15:15
17320000,1:15:03
17340000,1:14:51
17360000,1:14:40
17380000,1:14:28
17400000,1:14:16
17420000,1:14:04
17440000,1:13:53
17460000,1:13:41
17480000,1:13:29
17500000,1:13:17
17520000,1:13:06
17540000,1:12:54
17560000,1:12:42
17580000,1:12:31
17600000,1:12:19
17620000,1:12:07
17640000,1:11:55
17660000,1:11:44
17680000,1:11:32
17700000,1:11:20
17720000,1:11:08
17740000,1:10:57
17760000,1:10:45
17780000,1:10:33
17800000,1:10:21
17820000,1:10:10
17840000,1:09:58
17860000,1:09:46
17880000,1:09:35
17900000,1:09:23
17920000,1:09:11
17940000,1:08:59
17960000,1:08:48
17980000,1:08:36
18000000,1:08:24
18020000,1:08:12
18040000,1:08:01
18060000,1:07:49
18080000,1:07:37
18100000,1:07:26
18120000,1:07:14
18140000,1:07:02
18160000,1:06:50
18180000,1:06:39
18200000,1:06:27
18220000,1:06:15
18240000,1:06:03
18260000,1:05:52
18280000,1:05:40
18300000,1:05:28
18320000,1:05:16
18340000,1:05:05
18360000,1:04:53
18380000,1:04:41
18400000,1:04:30
18420000,1:04:18
18440000,1:04:06
18460000,1:03:54
18480000,1:03:43
18500000,1:03:31
18520000,1:03:19
18540000,1:03:07
18560000,1:02:56
18580000,1:02:44
18600000,1:02:32
18620000,1:02:21
18640000,1:02:09
18660000,1:01:57
18680000,1:01:45
18700000,1:01:34
18720000,1:01:22
18740000,1:01:10
18760000,1:00:58
18780000,1:00:47
18800000,1:00:35
18820000,1:00:23
18840000,1:00:11
18860000,1:00:00
18880000,59:48
18900000,59:36
18920000,59:25
18940000,59:13
18960000,59:01
18980000,58:49
19000000,58:38
19020000,58:26
19040000,58:14
19060000,58:02
19080000,57:51
19100000,57:39
19120000,57:27
19140000,57:16
19160000,57:04
19180000,56:52
19200000,56:40
19220000,56:29
19240000,56:17
19260000,56:05
19280000,55:53
19300000,55:42
19320000,55:30
19340000,55:18
19360000,55:07
19380000,54:55
19400000,54:43
19420000,54:31
19440000,54:20
19460000,54:08
19480000,53:56
19500000,53:44
19520000,53:33
19540000,53:21
19560000,53:09
19580000,52:58
19600000,52:46
19620000,52:34
19640000,52:22
19660000,52:11
19680000,51:59
19700000,51:47
19720000,51:35
19740000,51:24
19760000,51:12
19780000,51:00
19800000,50:49
19820000,50:37
19840000,50:25
19860000,50:13
19880000,50:02
19900000,49:50
19920000,49:38
19940000,49:26
19960000,49:15
19980000,49:03
20000000,48:51
20020000,48:39
20040000,48:28
20060000,48:16
20080000,48:04
20100000,47:53
20120000,47:41
20140000,47:29
20160000,47:17
20180000,47:06
20200000,46:54
20220000,46:42
20240000,46:30
20260000,46:19
20280000,46:07
20300000,45:55
20320000,45:43
20340000,45:32
20360000,45:20
20380000,45:08
20400000,44:57
20420000,44:45
20440000,44:33
20460000,44:21
20480000,44:10
20500000,43:58
20520000,43:46
20540000,43:34
20560000,43:23
20580000,43:11
20600000,42:59
20620000,42:48
20640000,42:36
20660000,42:24
20680000,42:12
20700000,42:01
20720000,41:49
20740000,41:37
20760000,41:25
20780000,41:14
20800000,41:02
20820000,40:50
20840000,40:39
20860000,40:27
20880000,40:15
20900000,40:03
20920000,39:52
20940000,39:40
20960000,39:28
20980000,39:16
21000000,39:05
21020000,38:53
21040000,38:41
21060000,38:30
21080000,38:18
21100000,38:06
21120000,37:54
21140000,37:43
21160000,37:31
21180000,37:19
21200000,37:07
21220000,36:56
21240000,36:44
21260000,36:32
21280000,36:20
21300000,36:09
21320000,35:57
21340000,35:45
21360000,35:34
21380000,35:22
21400000,35:10
21420000,34:58
21440000,34:47
21460000,34:35
21480000,34:23
21500000,34:11
21520000,34:00
21540000,33:48
21560000,33:36
21580000,33:25
21600000,33:13
21620000,33:01
21640000,32:49
21660000,32:38
21680000,32:26
21700000,32:14
21720000,32:02
21740000,31:51
21760000,31:39
21780000,31:27
21800000,31:16
21820000,31:04
21840000,30:52
21860000,30:40
21880000,30:29
21900000,30:17
21920000,30:05
21940000,29:53
21960000,29:42
21980000,29:30
22000000,29:18
22020000,29:07
22040000,28:55
22060000,28:43
22080000,28:31
22100000,28:20
22120000,28:08
22140000,27:56
22160000,27:44
22180000,27:33
22200000,27:21
22220000,27:09
22240000,26:58
22260000,26:46
22280000,26:34
22300000,26:22
22320000,26:11
22340000,25:59
22360000,25:47
22380000,25:36
22400000,25:24
22420000,25:12
22440000,25:00
22460000,24:49
22480000,24:37
22500000,24:25
22520000,24:13
22540000,24:02
22560000,23:50
22580000,23:38
22600000,23:27
22620000,23:15
22640000,23:03
22660000,22:51
22680000,22:40
22700000,22:28
22720000,22:16
22740000,22:04
22760000,21:53
22780000,21:41
22800000,21:29
22820000,21:18
22840000,21:06
22860000,20:54
22880000,20:42
22900000,20:31
22920000,20:19
22940000,20:07
22960000,19:55
22980000,19:44
23000000,19:32
23020000,19:20
23040000,19:09
23060000,18:57
23080000,18:45
23100000,18:33
23120000,18:22
23140000,18:10
23160000,17:58
23180000,17:46
23200000,17:35
23220000,17:23
23240000,17:11
23260000,17:00
23280000,16:48
23300000,16:36
23320000,16:24
23340000,16:13
23360000,16:01
23380000,15:49
23400000,15:37
23420000,15:26
23440000,15:14
23460000,15:02
23480000,14:51
23500000,14:39
23520000,14:27
23540000,14:15
23560000,14:04
23580000,13:52
23600000,13:40
23620000,13:29
23640000,13:17
23660000,13:05
23680000,12:53
23700000,12:42
23720000,12:30
23740000,12:18
23760000,12:06
23780000,11:55
23800000,11:43
23820000,11:31
23840000,11:20
23860000,11:08
23880000,10:56
23900000,10:44
23920000,10:33
23940000,10:21
23960000,10:09
23980000,9:57
24000000,9:46
24020000,9:34
24040000,9:22
24060000,9:11
24080000,8:59
24100000,8:47
24120000,8:35
24140000,8:24
24160000,8:12
24180000,8:00
24200000,7:48
24220000,7:37
24240000,7:25
24260000,7:13
24280000,7:02
24300000,6:50
24320000,6:38
24340000,6:26
24360000,6:15
24380000,6:03
24400000,5:51
24420000,5:40
24440000,5:28
24460000,5:16
24480000,5:04
24500000,4:53
24520000,4:41
24540000,4:29
24560000,4:17
24580000,4:06
24600000,3:54
24620000,3:42
24640000,3:31
24660000,3:19
24680000,3:07
24700000,2:55
24720000,2:44
24740000,2:32
24760000,2:20
24780000,2:08
24800000,1:57
24820000,1:45
24840000,1:33
24860000,1:22
24880000,1:10
24900000,0:58
24920000,0:46
24940000,0:35
24960000,0:23
24980000,0:11
25000000,0:00
